<?xml version="1.0" encoding="UTF-8"?>
<!-- Generated by org.testng.reporters.JUnitReportReporter -->
<testsuite hostname="SADEV-07" failures="0" tests="1" name="day3.PathAndQueyparameters" time="3.449" errors="0" timestamp="2024-08-01T17:21:46 EEST" skipped="0">
  <testcase classname="day3.PathAndQueyparameters" name="testQueyAndpathparameters" time="3.449"/>
  <system-out/>
</testsuite> <!-- day3.PathAndQueyparameters -->
