<?xml version="1.0" encoding="UTF-8"?>
<!-- Generated by org.testng.reporters.JUnitReportReporter -->
<testsuite hostname="SADEV-07" failures="0" tests="1" name="day4.pasrsingjsonresponse" time="4.414" errors="0" timestamp="2024-08-05T14:05:12 EEST" skipped="0">
  <testcase classname="day4.pasrsingjsonresponse" name="testjsonresponse" time="4.414"/>
  <system-out/>
</testsuite> <!-- day4.pasrsingjsonresponse -->
