<?xml version="1.0" encoding="UTF-8"?>
<!-- Generated by org.testng.reporters.JUnitReportReporter -->
<testsuite hostname="SADEV-07" failures="0" tests="1" name="day3.coockiesDemo" time="3.892" errors="0" timestamp="2024-08-05T10:56:17 EEST" skipped="0">
  <testcase classname="day3.coockiesDemo" name="getheaders" time="3.892"/>
  <system-out/>
</testsuite> <!-- day3.coockiesDemo -->
