<?xml version="1.0" encoding="UTF-8"?>
<!-- Generated by org.testng.reporters.JUnitReportReporter -->
<testsuite hostname="SADEV-07" failures="0" tests="2" name="day2.theWaystoCreatPostRequestBody" time="3.738" errors="0" timestamp="2024-08-01T15:37:16 EEST" skipped="0">
  <testcase classname="day2.theWaystoCreatPostRequestBody" name="postUsingexternaljsonfile" time="3.662"/>
  <system-out/>
  <testcase classname="day2.theWaystoCreatPostRequestBody" name="delettherequest" time="0.076"/>
  <system-out/>
</testsuite> <!-- day2.theWaystoCreatPostRequestBody -->
