<?xml version="1.0" encoding="UTF-8"?>
<!-- Generated by org.testng.reporters.JUnitReportReporter -->
<testsuite hostname="SADEV-07" failures="0" tests="4" name="day1.httpRequest" time="57.730" errors="0" timestamp="2024-07-29T17:32:01 EEST" skipped="0">
  <testcase classname="day1.httpRequest" name="getUsers" time="4.741"/>
  <system-out/>
  <testcase classname="day1.httpRequest" name="createUser" time="40.055"/>
  <system-out/>
  <testcase classname="day1.httpRequest" name="updateUser" time="5.487"/>
  <system-out/>
  <testcase classname="day1.httpRequest" name="deleteUser" time="7.447"/>
  <system-out/>
</testsuite> <!-- day1.httpRequest -->
